[debug] [2026-03-19T03:09:02.142Z] ----------------------------------------------------------------------
[debug] [2026-03-19T03:09:02.145Z] Command:       C:\Program Files\nodejs\node.exe C:\Users\josep\AppData\Roaming\npm\node_modules\firebase-tools\lib\bin\firebase.js functions:log --only reviewReportAttachment -n 20
[debug] [2026-03-19T03:09:02.145Z] CLI Version:   15.6.0
[debug] [2026-03-19T03:09:02.145Z] Platform:      win32
[debug] [2026-03-19T03:09:02.145Z] Node Version:  v24.12.0
[debug] [2026-03-19T03:09:02.145Z] Time:          Thu Mar 19 2026 11:09:02 GMT+0800 (Philippine Standard Time)
[debug] [2026-03-19T03:09:02.145Z] ----------------------------------------------------------------------
[debug] 
[debug] [2026-03-19T03:09:02.298Z] > command requires scopes: ["email","openid","https://www.googleapis.com/auth/cloudplatformprojects.readonly","https://www.googleapis.com/auth/firebase","https://www.googleapis.com/auth/cloud-platform"]
[debug] [2026-03-19T03:09:02.299Z] > authorizing via signed-in user (kurdapyakurdapyu@gmail.com)
[debug] [2026-03-19T03:09:02.299Z] [iam] checking project puredrop-capstone-project for permissions ["firebase.projects.get","logging.logEntries.list","logging.logs.list"]
[debug] [2026-03-19T03:09:02.300Z] Checked if tokens are valid: true, expires at: 1773893037193
[debug] [2026-03-19T03:09:02.301Z] Checked if tokens are valid: true, expires at: 1773893037193
[debug] [2026-03-19T03:09:02.301Z] >>> [apiv2][query] POST https://cloudresourcemanager.googleapis.com/v1/projects/puredrop-capstone-project:testIamPermissions [none]
[debug] [2026-03-19T03:09:02.302Z] >>> [apiv2][(partial)header] POST https://cloudresourcemanager.googleapis.com/v1/projects/puredrop-capstone-project:testIamPermissions  x-goog-user-project=puredrop-capstone-project
[debug] [2026-03-19T03:09:02.302Z] >>> [apiv2][body] POST https://cloudresourcemanager.googleapis.com/v1/projects/puredrop-capstone-project:testIamPermissions {"permissions":["firebase.projects.get","logging.logEntries.list","logging.logs.list"]}
[debug] [2026-03-19T03:09:03.582Z] <<< [apiv2][status] POST https://cloudresourcemanager.googleapis.com/v1/projects/puredrop-capstone-project:testIamPermissions 200
[debug] [2026-03-19T03:09:03.582Z] <<< [apiv2][body] POST https://cloudresourcemanager.googleapis.com/v1/projects/puredrop-capstone-project:testIamPermissions {"permissions":["firebase.projects.get","logging.logEntries.list","logging.logs.list"]}
[debug] [2026-03-19T03:09:03.583Z] Checked if tokens are valid: true, expires at: 1773893037193
[debug] [2026-03-19T03:09:03.583Z] Checked if tokens are valid: true, expires at: 1773893037193
[debug] [2026-03-19T03:09:03.583Z] >>> [apiv2][query] POST https://logging.googleapis.com/v2/entries:list [none]
[debug] [2026-03-19T03:09:03.583Z] >>> [apiv2][body] POST https://logging.googleapis.com/v2/entries:list {"resourceNames":["projects/puredrop-capstone-project"],"filter":"resource.type=\"cloud_function\" OR (resource.type=\"cloud_run_revision\" AND labels.\"goog-managed-by\"=\"cloudfunctions\")\n(resource.labels.function_name=\"reviewReportAttachment\" OR resource.labels.service_name=\"reviewReportAttachment\")","orderBy":"timestamp desc","pageSize":"20"}
[debug] [2026-03-19T03:09:09.009Z] <<< [apiv2][status] POST https://logging.googleapis.com/v2/entries:list 200
[debug] [2026-03-19T03:09:44.208Z] ----------------------------------------------------------------------
[debug] [2026-03-19T03:09:44.211Z] Command:       C:\Program Files\nodejs\node.exe C:\Users\josep\AppData\Roaming\npm\node_modules\firebase-tools\lib\bin\firebase.js functions:list
[debug] [2026-03-19T03:09:44.211Z] CLI Version:   15.6.0
[debug] [2026-03-19T03:09:44.211Z] Platform:      win32
[debug] [2026-03-19T03:09:44.211Z] Node Version:  v24.12.0
[debug] [2026-03-19T03:09:44.212Z] Time:          Thu Mar 19 2026 11:09:44 GMT+0800 (Philippine Standard Time)
[debug] [2026-03-19T03:09:44.212Z] ----------------------------------------------------------------------
[debug] 
[debug] [2026-03-19T03:09:44.432Z] > command requires scopes: ["email","openid","https://www.googleapis.com/auth/cloudplatformprojects.readonly","https://www.googleapis.com/auth/firebase","https://www.googleapis.com/auth/cloud-platform"]
[debug] [2026-03-19T03:09:44.432Z] > authorizing via signed-in user (kurdapyakurdapyu@gmail.com)
[debug] [2026-03-19T03:09:44.432Z] [iam] checking project puredrop-capstone-project for permissions ["cloudfunctions.functions.list","firebase.projects.get","run.services.list"]
[debug] [2026-03-19T03:09:44.433Z] Checked if tokens are valid: true, expires at: 1773893037193
[debug] [2026-03-19T03:09:44.434Z] Checked if tokens are valid: true, expires at: 1773893037193
[debug] [2026-03-19T03:09:44.434Z] >>> [apiv2][query] POST https://cloudresourcemanager.googleapis.com/v1/projects/puredrop-capstone-project:testIamPermissions [none]
[debug] [2026-03-19T03:09:44.435Z] >>> [apiv2][(partial)header] POST https://cloudresourcemanager.googleapis.com/v1/projects/puredrop-capstone-project:testIamPermissions  x-goog-user-project=puredrop-capstone-project
[debug] [2026-03-19T03:09:44.435Z] >>> [apiv2][body] POST https://cloudresourcemanager.googleapis.com/v1/projects/puredrop-capstone-project:testIamPermissions {"permissions":["cloudfunctions.functions.list","firebase.projects.get","run.services.list"]}
[debug] [2026-03-19T03:09:45.685Z] <<< [apiv2][status] POST https://cloudresourcemanager.googleapis.com/v1/projects/puredrop-capstone-project:testIamPermissions 200
[debug] [2026-03-19T03:09:45.685Z] <<< [apiv2][body] POST https://cloudresourcemanager.googleapis.com/v1/projects/puredrop-capstone-project:testIamPermissions {"permissions":["cloudfunctions.functions.list","firebase.projects.get","run.services.list"]}
[debug] [2026-03-19T03:09:45.686Z] Checked if tokens are valid: true, expires at: 1773893037193
[debug] [2026-03-19T03:09:45.686Z] Checked if tokens are valid: true, expires at: 1773893037193
[debug] [2026-03-19T03:09:45.686Z] >>> [apiv2][query] GET https://cloudfunctions.googleapis.com/v1/projects/puredrop-capstone-project/locations/-/functions [none]
[debug] [2026-03-19T03:09:46.581Z] <<< [apiv2][status] GET https://cloudfunctions.googleapis.com/v1/projects/puredrop-capstone-project/locations/-/functions 200
[debug] [2026-03-19T03:09:46.581Z] <<< [apiv2][body] GET https://cloudfunctions.googleapis.com/v1/projects/puredrop-capstone-project/locations/-/functions {}
[debug] [2026-03-19T03:09:46.581Z] Checked if tokens are valid: true, expires at: 1773893037193
[debug] [2026-03-19T03:09:46.581Z] Checked if tokens are valid: true, expires at: 1773893037193
[debug] [2026-03-19T03:09:46.581Z] >>> [apiv2][query] GET https://cloudfunctions.googleapis.com/v2/projects/puredrop-capstone-project/locations/-/functions filter=environment%3D%22GEN_2%22
[debug] [2026-03-19T03:09:48.321Z] <<< [apiv2][status] GET https://cloudfunctions.googleapis.com/v2/projects/puredrop-capstone-project/locations/-/functions 200
[debug] [2026-03-19T03:10:14.738Z] ----------------------------------------------------------------------
[debug] [2026-03-19T03:10:14.741Z] Command:       C:\Program Files\nodejs\node.exe C:\Users\josep\AppData\Roaming\npm\node_modules\firebase-tools\lib\bin\firebase.js deploy --only functions
[debug] [2026-03-19T03:10:14.741Z] CLI Version:   15.6.0
[debug] [2026-03-19T03:10:14.741Z] Platform:      win32
[debug] [2026-03-19T03:10:14.741Z] Node Version:  v24.12.0
[debug] [2026-03-19T03:10:14.742Z] Time:          Thu Mar 19 2026 11:10:14 GMT+0800 (Philippine Standard Time)
[debug] [2026-03-19T03:10:14.742Z] ----------------------------------------------------------------------
[debug] 
[debug] [2026-03-19T03:10:16.007Z] > command requires scopes: ["email","openid","https://www.googleapis.com/auth/cloudplatformprojects.readonly","https://www.googleapis.com/auth/firebase","https://www.googleapis.com/auth/cloud-platform"]
[debug] [2026-03-19T03:10:16.008Z] > authorizing via signed-in user (kurdapyakurdapyu@gmail.com)
[debug] [2026-03-19T03:10:16.008Z] [iam] checking project puredrop-capstone-project for permissions ["cloudfunctions.functions.create","cloudfunctions.functions.delete","cloudfunctions.functions.get","cloudfunctions.functions.list","cloudfunctions.functions.update","cloudfunctions.operations.get","firebase.projects.get"]
[debug] [2026-03-19T03:10:16.009Z] Checked if tokens are valid: true, expires at: 1773893037193
[debug] [2026-03-19T03:10:16.010Z] Checked if tokens are valid: true, expires at: 1773893037193
[debug] [2026-03-19T03:10:16.010Z] >>> [apiv2][query] POST https://cloudresourcemanager.googleapis.com/v1/projects/puredrop-capstone-project:testIamPermissions [none]
[debug] [2026-03-19T03:10:16.011Z] >>> [apiv2][(partial)header] POST https://cloudresourcemanager.googleapis.com/v1/projects/puredrop-capstone-project:testIamPermissions  x-goog-user-project=puredrop-capstone-project
[debug] [2026-03-19T03:10:16.011Z] >>> [apiv2][body] POST https://cloudresourcemanager.googleapis.com/v1/projects/puredrop-capstone-project:testIamPermissions {"permissions":["cloudfunctions.functions.create","cloudfunctions.functions.delete","cloudfunctions.functions.get","cloudfunctions.functions.list","cloudfunctions.functions.update","cloudfunctions.operations.get","firebase.projects.get"]}
[debug] [2026-03-19T03:10:16.943Z] ----------------------------------------------------------------------
[debug] [2026-03-19T03:10:16.945Z] Command:       C:\Program Files\nodejs\node.exe C:\Users\josep\AppData\Roaming\npm\node_modules\firebase-tools\lib\bin\firebase.js functions:secrets:access SIGHTENGINE_API_USER
[debug] [2026-03-19T03:10:16.945Z] CLI Version:   15.6.0
[debug] [2026-03-19T03:10:16.945Z] Platform:      win32
[debug] [2026-03-19T03:10:16.945Z] Node Version:  v24.12.0
[debug] [2026-03-19T03:10:16.945Z] Time:          Thu Mar 19 2026 11:10:16 GMT+0800 (Philippine Standard Time)
[debug] [2026-03-19T03:10:16.946Z] ----------------------------------------------------------------------
[debug] 
[debug] [2026-03-19T03:10:17.116Z] > command requires scopes: ["email","openid","https://www.googleapis.com/auth/cloudplatformprojects.readonly","https://www.googleapis.com/auth/firebase","https://www.googleapis.com/auth/cloud-platform"]
[debug] [2026-03-19T03:10:17.117Z] > authorizing via signed-in user (kurdapyakurdapyu@gmail.com)
[debug] [2026-03-19T03:10:17.118Z] Checked if tokens are valid: true, expires at: 1773893037193
[debug] [2026-03-19T03:10:17.119Z] Checked if tokens are valid: true, expires at: 1773893037193
[debug] [2026-03-19T03:10:17.119Z] >>> [apiv2][query] GET https://serviceusage.googleapis.com/v1/projects/puredrop-capstone-project/services/secretmanager.googleapis.com [none]
[debug] [2026-03-19T03:10:17.120Z] >>> [apiv2][(partial)header] GET https://serviceusage.googleapis.com/v1/projects/puredrop-capstone-project/services/secretmanager.googleapis.com  x-goog-user-project=puredrop-capstone-project
[debug] [2026-03-19T03:10:17.252Z] <<< [apiv2][status] POST https://cloudresourcemanager.googleapis.com/v1/projects/puredrop-capstone-project:testIamPermissions 200
[debug] [2026-03-19T03:10:17.252Z] <<< [apiv2][body] POST https://cloudresourcemanager.googleapis.com/v1/projects/puredrop-capstone-project:testIamPermissions {"permissions":["cloudfunctions.functions.create","cloudfunctions.functions.delete","cloudfunctions.functions.get","cloudfunctions.functions.list","cloudfunctions.functions.update","cloudfunctions.operations.get","firebase.projects.get"]}
[debug] [2026-03-19T03:10:17.252Z] Checked if tokens are valid: true, expires at: 1773893037193
[debug] [2026-03-19T03:10:17.252Z] Checked if tokens are valid: true, expires at: 1773893037193
[debug] [2026-03-19T03:10:17.252Z] >>> [apiv2][query] POST https://iam.googleapis.com/v1/projects/puredrop-capstone-project/serviceAccounts/puredrop-capstone-project@appspot.gserviceaccount.com:testIamPermissions [none]
[debug] [2026-03-19T03:10:17.253Z] >>> [apiv2][body] POST https://iam.googleapis.com/v1/projects/puredrop-capstone-project/serviceAccounts/puredrop-capstone-project@appspot.gserviceaccount.com:testIamPermissions {"permissions":["iam.serviceAccounts.actAs"]}
[debug] [2026-03-19T03:10:18.637Z] <<< [apiv2][status] GET https://serviceusage.googleapis.com/v1/projects/puredrop-capstone-project/services/secretmanager.googleapis.com 200
[debug] [2026-03-19T03:10:18.638Z] <<< [apiv2][body] GET https://serviceusage.googleapis.com/v1/projects/puredrop-capstone-project/services/secretmanager.googleapis.com [omitted]
[debug] [2026-03-19T03:10:18.638Z] Checked if tokens are valid: true, expires at: 1773893037193
[debug] [2026-03-19T03:10:18.638Z] Checked if tokens are valid: true, expires at: 1773893037193
[debug] [2026-03-19T03:10:18.638Z] >>> [apiv2][query] POST https://serviceusage.googleapis.com/v1/projects/puredrop-capstone-project/services/secretmanager.googleapis.com:enable [none]
[debug] [2026-03-19T03:10:18.638Z] >>> [apiv2][(partial)header] POST https://serviceusage.googleapis.com/v1/projects/puredrop-capstone-project/services/secretmanager.googleapis.com:enable  x-goog-user-project=puredrop-capstone-project
[debug] [2026-03-19T03:10:18.733Z] <<< [apiv2][status] POST https://iam.googleapis.com/v1/projects/puredrop-capstone-project/serviceAccounts/puredrop-capstone-project@appspot.gserviceaccount.com:testIamPermissions 200
[debug] [2026-03-19T03:10:18.733Z] <<< [apiv2][body] POST https://iam.googleapis.com/v1/projects/puredrop-capstone-project/serviceAccounts/puredrop-capstone-project@appspot.gserviceaccount.com:testIamPermissions {"permissions":["iam.serviceAccounts.actAs"]}
[info] 
[info] === Deploying to 'puredrop-capstone-project'...
[info] 
[info] i  deploying functions 
[debug] [2026-03-19T03:10:18.736Z] Checked if tokens are valid: true, expires at: 1773893037193
[debug] [2026-03-19T03:10:18.736Z] Checked if tokens are valid: true, expires at: 1773893037193
[debug] [2026-03-19T03:10:18.736Z] >>> [apiv2][query] GET https://cloudresourcemanager.googleapis.com/v1/projects/puredrop-capstone-project [none]
[debug] [2026-03-19T03:10:19.068Z] <<< [apiv2][status] GET https://cloudresourcemanager.googleapis.com/v1/projects/puredrop-capstone-project 200
[debug] [2026-03-19T03:10:19.068Z] <<< [apiv2][body] GET https://cloudresourcemanager.googleapis.com/v1/projects/puredrop-capstone-project {"projectNumber":"781886256531","projectId":"puredrop-capstone-project","lifecycleState":"ACTIVE","name":"PureDrop Capstone Project","labels":{"firebase":"enabled","firebase-core":"disabled"},"createTime":"2026-02-02T12:58:34.736142Z"}
[info] i  functions: preparing codebase default for deployment 
[info] i  functions: ensuring required API cloudfunctions.googleapis.com is enabled... 
[info] i  functions: ensuring required API cloudbuild.googleapis.com is enabled... 
[debug] [2026-03-19T03:10:19.070Z] Checked if tokens are valid: true, expires at: 1773893037193
[debug] [2026-03-19T03:10:19.070Z] Checked if tokens are valid: true, expires at: 1773893037193
[info] i  artifactregistry: ensuring required API artifactregistry.googleapis.com is enabled... 
[debug] [2026-03-19T03:10:19.070Z] Checked if tokens are valid: true, expires at: 1773893037193
[debug] [2026-03-19T03:10:19.071Z] Checked if tokens are valid: true, expires at: 1773893037193
[debug] [2026-03-19T03:10:19.071Z] >>> [apiv2][query] GET https://serviceusage.googleapis.com/v1/projects/puredrop-capstone-project/services/cloudbuild.googleapis.com [none]
[debug] [2026-03-19T03:10:19.071Z] >>> [apiv2][(partial)header] GET https://serviceusage.googleapis.com/v1/projects/puredrop-capstone-project/services/cloudbuild.googleapis.com  x-goog-user-project=puredrop-capstone-project
[debug] [2026-03-19T03:10:19.072Z] >>> [apiv2][query] GET https://serviceusage.googleapis.com/v1/projects/puredrop-capstone-project/services/artifactregistry.googleapis.com [none]
[debug] [2026-03-19T03:10:19.073Z] >>> [apiv2][(partial)header] GET https://serviceusage.googleapis.com/v1/projects/puredrop-capstone-project/services/artifactregistry.googleapis.com  x-goog-user-project=puredrop-capstone-project
[debug] [2026-03-19T03:10:20.126Z] <<< [apiv2][status] POST https://serviceusage.googleapis.com/v1/projects/puredrop-capstone-project/services/secretmanager.googleapis.com:enable 400
[debug] [2026-03-19T03:10:20.126Z] <<< [apiv2][body] POST https://serviceusage.googleapis.com/v1/projects/puredrop-capstone-project/services/secretmanager.googleapis.com:enable [omitted]
[error] 
[error] Error: Your project puredrop-capstone-project must be on the Blaze (pay-as-you-go) plan to complete this command. Required API secretmanager.googleapis.com can't be enabled until the upgrade is complete. To upgrade, visit the following URL:

https://console.firebase.google.com/project/puredrop-capstone-project/usage/details
[debug] [2026-03-19T03:10:20.579Z] <<< [apiv2][status] GET https://serviceusage.googleapis.com/v1/projects/puredrop-capstone-project/services/cloudbuild.googleapis.com 200
[debug] [2026-03-19T03:10:20.579Z] <<< [apiv2][body] GET https://serviceusage.googleapis.com/v1/projects/puredrop-capstone-project/services/cloudbuild.googleapis.com [omitted]
[warn] !  functions: missing required API cloudbuild.googleapis.com. Enabling now... 
[debug] [2026-03-19T03:10:20.580Z] Checked if tokens are valid: true, expires at: 1773893037193
[debug] [2026-03-19T03:10:20.580Z] Checked if tokens are valid: true, expires at: 1773893037193
[debug] [2026-03-19T03:10:20.580Z] >>> [apiv2][query] POST https://serviceusage.googleapis.com/v1/projects/puredrop-capstone-project/services/cloudbuild.googleapis.com:enable [none]
[debug] [2026-03-19T03:10:20.580Z] >>> [apiv2][(partial)header] POST https://serviceusage.googleapis.com/v1/projects/puredrop-capstone-project/services/cloudbuild.googleapis.com:enable  x-goog-user-project=puredrop-capstone-project
[debug] [2026-03-19T03:10:20.592Z] <<< [apiv2][status] GET https://serviceusage.googleapis.com/v1/projects/puredrop-capstone-project/services/artifactregistry.googleapis.com 200
[debug] [2026-03-19T03:10:20.592Z] <<< [apiv2][body] GET https://serviceusage.googleapis.com/v1/projects/puredrop-capstone-project/services/artifactregistry.googleapis.com [omitted]
[warn] !  artifactregistry: missing required API artifactregistry.googleapis.com. Enabling now... 
[debug] [2026-03-19T03:10:20.593Z] Checked if tokens are valid: true, expires at: 1773893037193
[debug] [2026-03-19T03:10:20.593Z] Checked if tokens are valid: true, expires at: 1773893037193
[debug] [2026-03-19T03:10:20.593Z] >>> [apiv2][query] POST https://serviceusage.googleapis.com/v1/projects/puredrop-capstone-project/services/artifactregistry.googleapis.com:enable [none]
[debug] [2026-03-19T03:10:20.593Z] >>> [apiv2][(partial)header] POST https://serviceusage.googleapis.com/v1/projects/puredrop-capstone-project/services/artifactregistry.googleapis.com:enable  x-goog-user-project=puredrop-capstone-project
[debug] [2026-03-19T03:10:21.969Z] <<< [apiv2][status] POST https://serviceusage.googleapis.com/v1/projects/puredrop-capstone-project/services/cloudbuild.googleapis.com:enable 400
[debug] [2026-03-19T03:10:21.969Z] <<< [apiv2][body] POST https://serviceusage.googleapis.com/v1/projects/puredrop-capstone-project/services/cloudbuild.googleapis.com:enable [omitted]
[error] 
[error] Error: Your project puredrop-capstone-project must be on the Blaze (pay-as-you-go) plan to complete this command. Required API cloudbuild.googleapis.com can't be enabled until the upgrade is complete. To upgrade, visit the following URL:

https://console.firebase.google.com/project/puredrop-capstone-project/usage/details
[debug] [2026-03-19T03:10:22.077Z] <<< [apiv2][status] POST https://serviceusage.googleapis.com/v1/projects/puredrop-capstone-project/services/artifactregistry.googleapis.com:enable 400
[debug] [2026-03-19T03:10:22.077Z] <<< [apiv2][body] POST https://serviceusage.googleapis.com/v1/projects/puredrop-capstone-project/services/artifactregistry.googleapis.com:enable [omitted]
